*** Using Compiler 'V5.06 update 7 (build 960)', folder: 'C:\Program Files\Keil_v5_mdk\ARM\arm5_compiler\Bin'
Build target '06_key_led_flow_register_pro_hal'
assembling startup_stm32f103xe.s...
compiling stm32f1xx_hal_flash_ex.c...
compiling stm32f1xx_hal.c...
compiling gpio.c...
compiling stm32f1xx_hal_gpio.c...
compiling main.c...
compiling croutine.c...
compiling heap_4.c...
compiling stm32f1xx_hal_msp.c...
compiling port.c...
compiling stm32f1xx_hal_cortex.c...
compiling stm32f1xx_hal_pwr.c...
compiling stm32f1xx_hal_exti.c...
compiling stm32f1xx_hal_rcc_ex.c...
compiling event_groups.c...
compiling stm32f1xx_it.c...
compiling stm32f1xx_hal_gpio_ex.c...
compiling list.c...
compiling stm32f1xx_hal_rcc.c...
compiling timers.c...
compiling stream_buffer.c...
compiling stm32f1xx_hal_flash.c...
compiling queue.c...
compiling stm32f1xx_hal_dma.c...
compiling tasks.c...
compiling system_stm32f1xx.c...
linking...
Program Size: Code=3984 RO-data=376 RW-data=84 ZI-data=1836  
FromELF: creating hex file...
"06_key_led_flow_register_pro_hal\06_key_led_flow_register_pro_hal.axf" - 0 Error(s), 0 Warning(s).
Build Time Elapsed:  00:00:05
